#
# There is insufficient memory for the Java Runtime Environment to continue.
# Native memory allocation (malloc) failed to allocate 32744 bytes for ChunkPool::allocate
# Possible reasons:
#   The system is out of physical RAM or swap space
#   The process is running with CompressedOops enabled, and the Java Heap may be blocking the growth of the native heap
# Possible solutions:
#   Reduce memory load on the system
#   Increase physical memory or swap space
#   Check if swap backing store is full
#   Decrease Java heap size (-Xmx/-Xms)
#   Decrease number of Java threads
#   Decrease Java thread stack sizes (-Xss)
#   Set larger code cache with -XX:ReservedCodeCacheSize=
#   JVM is running with Unscaled Compressed Oops mode in which the Java heap is
#     placed in the first 4GB address space. The Java Heap base address is the
#     maximum limit for the native heap growth. Please use -XX:HeapBaseMinAddress
#     to set the Java Heap base and to place the Java Heap above 4GB virtual address.
# This output file may be truncated or incomplete.
#
#  Out of Memory Error (arena.cpp:78), pid=16576, tid=23628
#
# JRE version: OpenJDK Runtime Environment JBR-17.0.7+7-1000.6-jcef (17.0.7+7) (build 17.0.7+7-b1000.6)
# Java VM: OpenJDK 64-Bit Server VM JBR-17.0.7+7-1000.6-jcef (17.0.7+7-b1000.6, mixed mode, tiered, compressed oops, compressed class ptrs, g1 gc, windows-amd64)
# No core dump will be written. Minidumps are not enabled by default on client versions of Windows
#

---------------  S U M M A R Y ------------

Command Line: git4idea.http.GitAskPassApp Username for 'https://github.com': 

Host: Intel(R) Core(TM) i3-10110U CPU @ 2.10GHz, 4 cores, 7G,  Windows 11 , 64 bit Build 22621 (10.0.22621.2070)
Time: Mon Aug 14 14:21:19 2023  Windows 11 , 64 bit Build 22621 (10.0.22621.2070) elapsed time: 0.197477 seconds (0d 0h 0m 0s)

---------------  T H R E A D  ---------------

Current thread (0x00000251188d4020):  JavaThread "C2 CompilerThread0" daemon [_thread_in_native, id=23628, stack(0x000000c5df200000,0x000000c5df300000)]


Current CompileTask:
C2:    197   94       4       java.lang.String::hashCode (60 bytes)

Stack: [0x000000c5df200000,0x000000c5df300000]
Native frames: (J=compiled Java code, j=interpreted, Vv=VM code, C=native code)
V  [jvm.dll+0x683bfa]
V  [jvm.dll+0x8430a4]
V  [jvm.dll+0x8449be]
V  [jvm.dll+0x845023]
V  [jvm.dll+0x24ad2f]
V  [jvm.dll+0xac47c]
V  [jvm.dll+0xac82c]
V  [jvm.dll+0x2b21e5]
V  [jvm.dll+0x58c2f7]
V  [jvm.dll+0x225a12]
V  [jvm.dll+0x225def]
V  [jvm.dll+0x21f0b5]
V  [jvm.dll+0x21c56b]
V  [jvm.dll+0x1a605d]
V  [jvm.dll+0x22c148]
V  [jvm.dll+0x22a209]
V  [jvm.dll+0x7f858c]
V  [jvm.dll+0x7f2aea]
V  [jvm.dll+0x682a35]
C  [ucrtbase.dll+0x29363]
C  [KERNEL32.DLL+0x126ad]
C  [ntdll.dll+0x5aa68]


---------------  P R O C E S S  ---------------

Threads class SMR info:
_java_thread_list=0x0000025118a3ab00, length=12, elements={
0x000002517ce1e9a0, 0x0000025118741660, 0x0000025118744130, 0x000002511876ea80,
0x000002511889a760, 0x000002511889da30, 0x00000251188b8000, 0x00000251188d4020,
0x00000251188dc930, 0x00000251188de240, 0x0000025118a27d30, 0x0000025118a3e020
}

Java Threads: ( => current thread )
  0x000002517ce1e9a0 JavaThread "main" [_thread_in_vm, id=8316, stack(0x000000c5de500000,0x000000c5de600000)]
  0x0000025118741660 JavaThread "Reference Handler" daemon [_thread_blocked, id=22052, stack(0x000000c5dec00000,0x000000c5ded00000)]
  0x0000025118744130 JavaThread "Finalizer" daemon [_thread_blocked, id=9604, stack(0x000000c5ded00000,0x000000c5dee00000)]
  0x000002511876ea80 JavaThread "Signal Dispatcher" daemon [_thread_blocked, id=16452, stack(0x000000c5dee00000,0x000000c5def00000)]
  0x000002511889a760 JavaThread "Attach Listener" daemon [_thread_blocked, id=16236, stack(0x000000c5def00000,0x000000c5df000000)]
  0x000002511889da30 JavaThread "Service Thread" daemon [_thread_blocked, id=6728, stack(0x000000c5df000000,0x000000c5df100000)]
  0x00000251188b8000 JavaThread "Monitor Deflation Thread" daemon [_thread_blocked, id=12080, stack(0x000000c5df100000,0x000000c5df200000)]
=>0x00000251188d4020 JavaThread "C2 CompilerThread0" daemon [_thread_in_native, id=23628, stack(0x000000c5df200000,0x000000c5df300000)]
  0x00000251188dc930 JavaThread "C1 CompilerThread0" daemon [_thread_blocked, id=15120, stack(0x000000c5df300000,0x000000c5df400000)]
  0x00000251188de240 JavaThread "Sweeper thread" daemon [_thread_blocked, id=23020, stack(0x000000c5df400000,0x000000c5df500000)]
  0x0000025118a27d30 JavaThread "Notification Thread" daemon [_thread_blocked, id=16200, stack(0x000000c5df500000,0x000000c5df600000)]
  0x0000025118a3e020 JavaThread "Common-Cleaner" daemon [_thread_blocked, id=23916, stack(0x000000c5df700000,0x000000c5df800000)]

Other Threads:
  0x00000251186e7eb0 VMThread "VM Thread" [stack: 0x000000c5deb00000,0x000000c5dec00000] [id=21020]
  0x0000025118760aa0 WatcherThread [stack: 0x000000c5df600000,0x000000c5df700000] [id=21584]
  0x000002517ef55f20 GCTaskThread "GC Thread#0" [stack: 0x000000c5de600000,0x000000c5de700000] [id=9880]
  0x000002517ef67ad0 ConcurrentGCThread "G1 Main Marker" [stack: 0x000000c5de700000,0x000000c5de800000] [id=16044]
  0x000002517ef69b30 ConcurrentGCThread "G1 Conc#0" [stack: 0x000000c5de800000,0x000000c5de900000] [id=20292]
  0x00000251185940c0 ConcurrentGCThread "G1 Refine#0" [stack: 0x000000c5de900000,0x000000c5dea00000] [id=19036]
  0x0000025118596990 ConcurrentGCThread "G1 Service" [stack: 0x000000c5dea00000,0x000000c5deb00000] [id=18020]

Threads with active compile tasks:
C2 CompilerThread0      231   94       4       java.lang.String::hashCode (60 bytes)

VM state: not at safepoint (normal execution)

VM Mutex/Monitor currently owned by a thread: None

Heap address: 0x0000000082800000, size: 2008 MB, Compressed Oops mode: 32-bit

CDS archive(s) not mapped
Compressed class space mapped at: 0x0000000100000000-0x0000000140000000, reserved size: 1073741824
Narrow klass base: 0x0000000000000000, Narrow klass shift: 3, Narrow klass range: 0x140000000

GC Precious Log:
 CPUs: 4 total, 4 available
 Memory: 8025M
 Large Page Support: Disabled
 NUMA Support: Disabled
 Compressed Oops: Enabled (32-bit)
 Heap Region Size: 1M
 Heap Min Capacity: 8M
 Heap Initial Capacity: 126M
 Heap Max Capacity: 2008M
 Pre-touch: Disabled
 Parallel Workers: 4
 Concurrent Workers: 1
 Concurrent Refinement Workers: 4
 Periodic GC: Disabled

Heap:
 garbage-first heap   total 129024K, used 1024K [0x0000000082800000, 0x0000000100000000)
  region size 1024K, 2 young (2048K), 0 survivors (0K)
 Metaspace       used 5417K, committed 5504K, reserved 1114112K
  class space    used 482K, committed 512K, reserved 1048576K

Heap Regions: E=young(eden), S=young(survivor), O=old, HS=humongous(starts), HC=humongous(continues), CS=collection set, F=free, OA=open archive, CA=closed archive, TAMS=top-at-mark-start (previous, next)
|   0|0x0000000082800000, 0x0000000082800000, 0x0000000082900000|  0%| F|  |TAMS 0x0000000082800000, 0x0000000082800000| Untracked 
|   1|0x0000000082900000, 0x0000000082900000, 0x0000000082a00000|  0%| F|  |TAMS 0x0000000082900000, 0x0000000082900000| Untracked 
|   2|0x0000000082a00000, 0x0000000082a00000, 0x0000000082b00000|  0%| F|  |TAMS 0x0000000082a00000, 0x0000000082a00000| Untracked 
|   3|0x0000000082b00000, 0x0000000082b00000, 0x0000000082c00000|  0%| F|  |TAMS 0x0000000082b00000, 0x0000000082b00000| Untracked 
|   4|0x0000000082c00000, 0x0000000082c00000, 0x0000000082d00000|  0%| F|  |TAMS 0x0000000082c00000, 0x0000000082c00000| Untracked 
|   5|0x0000000082d00000, 0x0000000082d00000, 0x0000000082e00000|  0%| F|  |TAMS 0x0000000082d00000, 0x0000000082d00000| Untracked 
|   6|0x0000000082e00000, 0x0000000082e00000, 0x0000000082f00000|  0%| F|  |TAMS 0x0000000082e00000, 0x0000000082e00000| Untracked 
|   7|0x0000000082f00000, 0x0000000082f00000, 0x0000000083000000|  0%| F|  |TAMS 0x0000000082f00000, 0x0000000082f00000| Untracked 
|   8|0x0000000083000000, 0x0000000083000000, 0x0000000083100000|  0%| F|  |TAMS 0x0000000083000000, 0x0000000083000000| Untracked 
|   9|0x0000000083100000, 0x0000000083100000, 0x0000000083200000|  0%| F|  |TAMS 0x0000000083100000, 0x0000000083100000| Untracked 
|  10|0x0000000083200000, 0x0000000083200000, 0x0000000083300000|  0%| F|  |TAMS 0x0000000083200000, 0x0000000083200000| Untracked 
|  11|0x0000000083300000, 0x0000000083300000, 0x0000000083400000|  0%| F|  |TAMS 0x0000000083300000, 0x0000000083300000| Untracked 
|  12|0x0000000083400000, 0x0000000083400000, 0x0000000083500000|  0%| F|  |TAMS 0x0000000083400000, 0x0000000083400000| Untracked 
|  13|0x0000000083500000, 0x0000000083500000, 0x0000000083600000|  0%| F|  |TAMS 0x0000000083500000, 0x0000000083500000| Untracked 
|  14|0x0000000083600000, 0x0000000083600000, 0x0000000083700000|  0%| F|  |TAMS 0x0000000083600000, 0x0000000083600000| Untracked 
|  15|0x0000000083700000, 0x0000000083700000, 0x0000000083800000|  0%| F|  |TAMS 0x0000000083700000, 0x0000000083700000| Untracked 
|  16|0x0000000083800000, 0x0000000083800000, 0x0000000083900000|  0%| F|  |TAMS 0x0000000083800000, 0x0000000083800000| Untracked 
|  17|0x0000000083900000, 0x0000000083900000, 0x0000000083a00000|  0%| F|  |TAMS 0x0000000083900000, 0x0000000083900000| Untracked 
|  18|0x0000000083a00000, 0x0000000083a00000, 0x0000000083b00000|  0%| F|  |TAMS 0x0000000083a00000, 0x0000000083a00000| Untracked 
|  19|0x0000000083b00000, 0x0000000083b00000, 0x0000000083c00000|  0%| F|  |TAMS 0x0000000083b00000, 0x0000000083b00000| Untracked 
|  20|0x0000000083c00000, 0x0000000083c00000, 0x0000000083d00000|  0%| F|  |TAMS 0x0000000083c00000, 0x0000000083c00000| Untracked 
|  21|0x0000000083d00000, 0x0000000083d00000, 0x0000000083e00000|  0%| F|  |TAMS 0x0000000083d00000, 0x0000000083d00000| Untracked 
|  22|0x0000000083e00000, 0x0000000083e00000, 0x0000000083f00000|  0%| F|  |TAMS 0x0000000083e00000, 0x0000000083e00000| Untracked 
|  23|0x0000000083f00000, 0x0000000083f00000, 0x0000000084000000|  0%| F|  |TAMS 0x0000000083f00000, 0x0000000083f00000| Untracked 
|  24|0x0000000084000000, 0x0000000084000000, 0x0000000084100000|  0%| F|  |TAMS 0x0000000084000000, 0x0000000084000000| Untracked 
|  25|0x0000000084100000, 0x0000000084100000, 0x0000000084200000|  0%| F|  |TAMS 0x0000000084100000, 0x0000000084100000| Untracked 
|  26|0x0000000084200000, 0x0000000084200000, 0x0000000084300000|  0%| F|  |TAMS 0x0000000084200000, 0x0000000084200000| Untracked 
|  27|0x0000000084300000, 0x0000000084300000, 0x0000000084400000|  0%| F|  |TAMS 0x0000000084300000, 0x0000000084300000| Untracked 
|  28|0x0000000084400000, 0x0000000084400000, 0x0000000084500000|  0%| F|  |TAMS 0x0000000084400000, 0x0000000084400000| Untracked 
|  29|0x0000000084500000, 0x0000000084500000, 0x0000000084600000|  0%| F|  |TAMS 0x0000000084500000, 0x0000000084500000| Untracked 
|  30|0x0000000084600000, 0x0000000084600000, 0x0000000084700000|  0%| F|  |TAMS 0x0000000084600000, 0x0000000084600000| Untracked 
|  31|0x0000000084700000, 0x0000000084700000, 0x0000000084800000|  0%| F|  |TAMS 0x0000000084700000, 0x0000000084700000| Untracked 
|  32|0x0000000084800000, 0x0000000084800000, 0x0000000084900000|  0%| F|  |TAMS 0x0000000084800000, 0x0000000084800000| Untracked 
|  33|0x0000000084900000, 0x0000000084900000, 0x0000000084a00000|  0%| F|  |TAMS 0x0000000084900000, 0x0000000084900000| Untracked 
|  34|0x0000000084a00000, 0x0000000084a00000, 0x0000000084b00000|  0%| F|  |TAMS 0x0000000084a00000, 0x0000000084a00000| Untracked 
|  35|0x0000000084b00000, 0x0000000084b00000, 0x0000000084c00000|  0%| F|  |TAMS 0x0000000084b00000, 0x0000000084b00000| Untracked 
|  36|0x0000000084c00000, 0x0000000084c00000, 0x0000000084d00000|  0%| F|  |TAMS 0x0000000084c00000, 0x0000000084c00000| Untracked 
|  37|0x0000000084d00000, 0x0000000084d00000, 0x0000000084e00000|  0%| F|  |TAMS 0x0000000084d00000, 0x0000000084d00000| Untracked 
|  38|0x0000000084e00000, 0x0000000084e00000, 0x0000000084f00000|  0%| F|  |TAMS 0x0000000084e00000, 0x0000000084e00000| Untracked 
|  39|0x0000000084f00000, 0x0000000084f00000, 0x0000000085000000|  0%| F|  |TAMS 0x0000000084f00000, 0x0000000084f00000| Untracked 
|  40|0x0000000085000000, 0x0000000085000000, 0x0000000085100000|  0%| F|  |TAMS 0x0000000085000000, 0x0000000085000000| Untracked 
|  41|0x0000000085100000, 0x0000000085100000, 0x0000000085200000|  0%| F|  |TAMS 0x0000000085100000, 0x0000000085100000| Untracked 
|  42|0x0000000085200000, 0x0000000085200000, 0x0000000085300000|  0%| F|  |TAMS 0x0000000085200000, 0x0000000085200000| Untracked 
|  43|0x0000000085300000, 0x0000000085300000, 0x0000000085400000|  0%| F|  |TAMS 0x0000000085300000, 0x0000000085300000| Untracked 
|  44|0x0000000085400000, 0x0000000085400000, 0x0000000085500000|  0%| F|  |TAMS 0x0000000085400000, 0x0000000085400000| Untracked 
|  45|0x0000000085500000, 0x0000000085500000, 0x0000000085600000|  0%| F|  |TAMS 0x0000000085500000, 0x0000000085500000| Untracked 
|  46|0x0000000085600000, 0x0000000085600000, 0x0000000085700000|  0%| F|  |TAMS 0x0000000085600000, 0x0000000085600000| Untracked 
|  47|0x0000000085700000, 0x0000000085700000, 0x0000000085800000|  0%| F|  |TAMS 0x0000000085700000, 0x0000000085700000| Untracked 
|  48|0x0000000085800000, 0x0000000085800000, 0x0000000085900000|  0%| F|  |TAMS 0x0000000085800000, 0x0000000085800000| Untracked 
|  49|0x0000000085900000, 0x0000000085900000, 0x0000000085a00000|  0%| F|  |TAMS 0x0000000085900000, 0x0000000085900000| Untracked 
|  50|0x0000000085a00000, 0x0000000085a00000, 0x0000000085b00000|  0%| F|  |TAMS 0x0000000085a00000, 0x0000000085a00000| Untracked 
|  51|0x0000000085b00000, 0x0000000085b00000, 0x0000000085c00000|  0%| F|  |TAMS 0x0000000085b00000, 0x0000000085b00000| Untracked 
|  52|0x0000000085c00000, 0x0000000085c00000, 0x0000000085d00000|  0%| F|  |TAMS 0x0000000085c00000, 0x0000000085c00000| Untracked 
|  53|0x0000000085d00000, 0x0000000085d00000, 0x0000000085e00000|  0%| F|  |TAMS 0x0000000085d00000, 0x0000000085d00000| Untracked 
|  54|0x0000000085e00000, 0x0000000085e00000, 0x0000000085f00000|  0%| F|  |TAMS 0x0000000085e00000, 0x0000000085e00000| Untracked 
|  55|0x0000000085f00000, 0x0000000085f00000, 0x0000000086000000|  0%| F|  |TAMS 0x0000000085f00000, 0x0000000085f00000| Untracked 
|  56|0x0000000086000000, 0x0000000086000000, 0x0000000086100000|  0%| F|  |TAMS 0x0000000086000000, 0x0000000086000000| Untracked 
|  57|0x0000000086100000, 0x0000000086100000, 0x0000000086200000|  0%| F|  |TAMS 0x0000000086100000, 0x0000000086100000| Untracked 
|  58|0x0000000086200000, 0x0000000086200000, 0x0000000086300000|  0%| F|  |TAMS 0x0000000086200000, 0x0000000086200000| Untracked 
|  59|0x0000000086300000, 0x0000000086300000, 0x0000000086400000|  0%| F|  |TAMS 0x0000000086300000, 0x0000000086300000| Untracked 
|  60|0x0000000086400000, 0x0000000086400000, 0x0000000086500000|  0%| F|  |TAMS 0x0000000086400000, 0x0000000086400000| Untracked 
|  61|0x0000000086500000, 0x0000000086500000, 0x0000000086600000|  0%| F|  |TAMS 0x0000000086500000, 0x0000000086500000| Untracked 
|  62|0x0000000086600000, 0x0000000086600000, 0x0000000086700000|  0%| F|  |TAMS 0x0000000086600000, 0x0000000086600000| Untracked 
|  63|0x0000000086700000, 0x0000000086700000, 0x0000000086800000|  0%| F|  |TAMS 0x0000000086700000, 0x0000000086700000| Untracked 
|  64|0x0000000086800000, 0x0000000086800000, 0x0000000086900000|  0%| F|  |TAMS 0x0000000086800000, 0x0000000086800000| Untracked 
|  65|0x0000000086900000, 0x0000000086900000, 0x0000000086a00000|  0%| F|  |TAMS 0x0000000086900000, 0x0000000086900000| Untracked 
|  66|0x0000000086a00000, 0x0000000086a00000, 0x0000000086b00000|  0%| F|  |TAMS 0x0000000086a00000, 0x0000000086a00000| Untracked 
|  67|0x0000000086b00000, 0x0000000086b00000, 0x0000000086c00000|  0%| F|  |TAMS 0x0000000086b00000, 0x0000000086b00000| Untracked 
|  68|0x0000000086c00000, 0x0000000086c00000, 0x0000000086d00000|  0%| F|  |TAMS 0x0000000086c00000, 0x0000000086c00000| Untracked 
|  69|0x0000000086d00000, 0x0000000086d00000, 0x0000000086e00000|  0%| F|  |TAMS 0x0000000086d00000, 0x0000000086d00000| Untracked 
|  70|0x0000000086e00000, 0x0000000086e00000, 0x0000000086f00000|  0%| F|  |TAMS 0x0000000086e00000, 0x0000000086e00000| Untracked 
|  71|0x0000000086f00000, 0x0000000086f00000, 0x0000000087000000|  0%| F|  |TAMS 0x0000000086f00000, 0x0000000086f00000| Untracked 
|  72|0x0000000087000000, 0x0000000087000000, 0x0000000087100000|  0%| F|  |TAMS 0x0000000087000000, 0x0000000087000000| Untracked 
|  73|0x0000000087100000, 0x0000000087100000, 0x0000000087200000|  0%| F|  |TAMS 0x0000000087100000, 0x0000000087100000| Untracked 
|  74|0x0000000087200000, 0x0000000087200000, 0x0000000087300000|  0%| F|  |TAMS 0x0000000087200000, 0x0000000087200000| Untracked 
|  75|0x0000000087300000, 0x0000000087300000, 0x0000000087400000|  0%| F|  |TAMS 0x0000000087300000, 0x0000000087300000| Untracked 
|  76|0x0000000087400000, 0x0000000087400000, 0x0000000087500000|  0%| F|  |TAMS 0x0000000087400000, 0x0000000087400000| Untracked 
|  77|0x0000000087500000, 0x0000000087500000, 0x0000000087600000|  0%| F|  |TAMS 0x0000000087500000, 0x0000000087500000| Untracked 
|  78|0x0000000087600000, 0x0000000087600000, 0x0000000087700000|  0%| F|  |TAMS 0x0000000087600000, 0x0000000087600000| Untracked 
|  79|0x0000000087700000, 0x0000000087700000, 0x0000000087800000|  0%| F|  |TAMS 0x0000000087700000, 0x0000000087700000| Untracked 
|  80|0x0000000087800000, 0x0000000087800000, 0x0000000087900000|  0%| F|  |TAMS 0x0000000087800000, 0x0000000087800000| Untracked 
|  81|0x0000000087900000, 0x0000000087900000, 0x0000000087a00000|  0%| F|  |TAMS 0x0000000087900000, 0x0000000087900000| Untracked 
|  82|0x0000000087a00000, 0x0000000087a00000, 0x0000000087b00000|  0%| F|  |TAMS 0x0000000087a00000, 0x0000000087a00000| Untracked 
|  83|0x0000000087b00000, 0x0000000087b00000, 0x0000000087c00000|  0%| F|  |TAMS 0x0000000087b00000, 0x0000000087b00000| Untracked 
|  84|0x0000000087c00000, 0x0000000087c00000, 0x0000000087d00000|  0%| F|  |TAMS 0x0000000087c00000, 0x0000000087c00000| Untracked 
|  85|0x0000000087d00000, 0x0000000087d00000, 0x0000000087e00000|  0%| F|  |TAMS 0x0000000087d00000, 0x0000000087d00000| Untracked 
|  86|0x0000000087e00000, 0x0000000087e00000, 0x0000000087f00000|  0%| F|  |TAMS 0x0000000087e00000, 0x0000000087e00000| Untracked 
|  87|0x0000000087f00000, 0x0000000087f00000, 0x0000000088000000|  0%| F|  |TAMS 0x0000000087f00000, 0x0000000087f00000| Untracked 
|  88|0x0000000088000000, 0x0000000088000000, 0x0000000088100000|  0%| F|  |TAMS 0x0000000088000000, 0x0000000088000000| Untracked 
|  89|0x0000000088100000, 0x0000000088100000, 0x0000000088200000|  0%| F|  |TAMS 0x0000000088100000, 0x0000000088100000| Untracked 
|  90|0x0000000088200000, 0x0000000088200000, 0x0000000088300000|  0%| F|  |TAMS 0x0000000088200000, 0x0000000088200000| Untracked 
|  91|0x0000000088300000, 0x0000000088300000, 0x0000000088400000|  0%| F|  |TAMS 0x0000000088300000, 0x0000000088300000| Untracked 
|  92|0x0000000088400000, 0x0000000088400000, 0x0000000088500000|  0%| F|  |TAMS 0x0000000088400000, 0x0000000088400000| Untracked 
|  93|0x0000000088500000, 0x0000000088500000, 0x0000000088600000|  0%| F|  |TAMS 0x0000000088500000, 0x0000000088500000| Untracked 
|  94|0x0000000088600000, 0x0000000088600000, 0x0000000088700000|  0%| F|  |TAMS 0x0000000088600000, 0x0000000088600000| Untracked 
|  95|0x0000000088700000, 0x0000000088700000, 0x0000000088800000|  0%| F|  |TAMS 0x0000000088700000, 0x0000000088700000| Untracked 
|  96|0x0000000088800000, 0x0000000088800000, 0x0000000088900000|  0%| F|  |TAMS 0x0000000088800000, 0x0000000088800000| Untracked 
|  97|0x0000000088900000, 0x0000000088900000, 0x0000000088a00000|  0%| F|  |TAMS 0x0000000088900000, 0x0000000088900000| Untracked 
|  98|0x0000000088a00000, 0x0000000088a00000, 0x0000000088b00000|  0%| F|  |TAMS 0x0000000088a00000, 0x0000000088a00000| Untracked 
|  99|0x0000000088b00000, 0x0000000088b00000, 0x0000000088c00000|  0%| F|  |TAMS 0x0000000088b00000, 0x0000000088b00000| Untracked 
| 100|0x0000000088c00000, 0x0000000088c00000, 0x0000000088d00000|  0%| F|  |TAMS 0x0000000088c00000, 0x0000000088c00000| Untracked 
| 101|0x0000000088d00000, 0x0000000088d00000, 0x0000000088e00000|  0%| F|  |TAMS 0x0000000088d00000, 0x0000000088d00000| Untracked 
| 102|0x0000000088e00000, 0x0000000088e00000, 0x0000000088f00000|  0%| F|  |TAMS 0x0000000088e00000, 0x0000000088e00000| Untracked 
| 103|0x0000000088f00000, 0x0000000088f00000, 0x0000000089000000|  0%| F|  |TAMS 0x0000000088f00000, 0x0000000088f00000| Untracked 
| 104|0x0000000089000000, 0x0000000089000000, 0x0000000089100000|  0%| F|  |TAMS 0x0000000089000000, 0x0000000089000000| Untracked 
| 105|0x0000000089100000, 0x0000000089100000, 0x0000000089200000|  0%| F|  |TAMS 0x0000000089100000, 0x0000000089100000| Untracked 
| 106|0x0000000089200000, 0x0000000089200000, 0x0000000089300000|  0%| F|  |TAMS 0x0000000089200000, 0x0000000089200000| Untracked 
| 107|0x0000000089300000, 0x0000000089300000, 0x0000000089400000|  0%| F|  |TAMS 0x0000000089300000, 0x0000000089300000| Untracked 
| 108|0x0000000089400000, 0x0000000089400000, 0x0000000089500000|  0%| F|  |TAMS 0x0000000089400000, 0x0000000089400000| Untracked 
| 109|0x0000000089500000, 0x0000000089500000, 0x0000000089600000|  0%| F|  |TAMS 0x0000000089500000, 0x0000000089500000| Untracked 
| 110|0x0000000089600000, 0x0000000089600000, 0x0000000089700000|  0%| F|  |TAMS 0x0000000089600000, 0x0000000089600000| Untracked 
| 111|0x0000000089700000, 0x0000000089700000, 0x0000000089800000|  0%| F|  |TAMS 0x0000000089700000, 0x0000000089700000| Untracked 
| 112|0x0000000089800000, 0x0000000089800000, 0x0000000089900000|  0%| F|  |TAMS 0x0000000089800000, 0x0000000089800000| Untracked 
| 113|0x0000000089900000, 0x0000000089900000, 0x0000000089a00000|  0%| F|  |TAMS 0x0000000089900000, 0x0000000089900000| Untracked 
| 114|0x0000000089a00000, 0x0000000089a00000, 0x0000000089b00000|  0%| F|  |TAMS 0x0000000089a00000, 0x0000000089a00000| Untracked 
| 115|0x0000000089b00000, 0x0000000089b00000, 0x0000000089c00000|  0%| F|  |TAMS 0x0000000089b00000, 0x0000000089b00000| Untracked 
| 116|0x0000000089c00000, 0x0000000089c00000, 0x0000000089d00000|  0%| F|  |TAMS 0x0000000089c00000, 0x0000000089c00000| Untracked 
| 117|0x0000000089d00000, 0x0000000089d00000, 0x0000000089e00000|  0%| F|  |TAMS 0x0000000089d00000, 0x0000000089d00000| Untracked 
| 118|0x0000000089e00000, 0x0000000089e00000, 0x0000000089f00000|  0%| F|  |TAMS 0x0000000089e00000, 0x0000000089e00000| Untracked 
| 119|0x0000000089f00000, 0x0000000089f00000, 0x000000008a000000|  0%| F|  |TAMS 0x0000000089f00000, 0x0000000089f00000| Untracked 
| 120|0x000000008a000000, 0x000000008a000000, 0x000000008a100000|  0%| F|  |TAMS 0x000000008a000000, 0x000000008a000000| Untracked 
| 121|0x000000008a100000, 0x000000008a100000, 0x000000008a200000|  0%| F|  |TAMS 0x000000008a100000, 0x000000008a100000| Untracked 
| 122|0x000000008a200000, 0x000000008a200000, 0x000000008a300000|  0%| F|  |TAMS 0x000000008a200000, 0x000000008a200000| Untracked 
| 123|0x000000008a300000, 0x000000008a300000, 0x000000008a400000|  0%| F|  |TAMS 0x000000008a300000, 0x000000008a300000| Untracked 
| 124|0x000000008a400000, 0x000000008a485aa0, 0x000000008a500000| 52%| E|  |TAMS 0x000000008a400000, 0x000000008a400000| Complete 
| 125|0x000000008a500000, 0x000000008a600000, 0x000000008a600000|100%| E|CS|TAMS 0x000000008a500000, 0x000000008a500000| Complete 

Card table byte_map: [0x000002517f3b0000,0x000002517f7a0000] _byte_map_base: 0x000002517ef9c000

Marking Bits (Prev, Next): (CMBitMap*) 0x000002517ef57540, (CMBitMap*) 0x000002517ef57580
 Prev Bits: [0x00000251126b0000, 0x0000025114610000)
 Next Bits: [0x0000025114610000, 0x0000025116570000)

Polling page: 0x000002517cd10000

Metaspace:

Usage:
  Non-class:      4.82 MB used.
      Class:    482.10 KB used.
       Both:      5.29 MB used.

Virtual space:
  Non-class space:       64.00 MB reserved,       4.88 MB (  8%) committed,  1 nodes.
      Class space:        1.00 GB reserved,     512.00 KB ( <1%) committed,  1 nodes.
             Both:        1.06 GB reserved,       5.38 MB ( <1%) committed. 

Chunk freelists:
   Non-Class:  10.99 MB
       Class:  15.53 MB
        Both:  26.52 MB

MaxMetaspaceSize: unlimited
CompressedClassSpaceSize: 1.00 GB
Initial GC threshold: 21.00 MB
Current GC threshold: 21.00 MB
CDS: off
MetaspaceReclaimPolicy: balanced
 - commit_granule_bytes: 65536.
 - commit_granule_words: 8192.
 - virtual_space_node_default_size: 8388608.
 - enlarge_chunks_in_place: 1.
 - new_chunks_are_fully_committed: 0.
 - uncommit_free_chunks: 1.
 - use_allocation_guard: 0.
 - handle_deallocations: 1.


Internal statistics:

num_allocs_failed_limit: 0.
num_arena_births: 4.
num_arena_deaths: 0.
num_vsnodes_births: 2.
num_vsnodes_deaths: 0.
num_space_committed: 86.
num_space_uncommitted: 0.
num_chunks_returned_to_freelist: 0.
num_chunks_taken_from_freelist: 11.
num_chunk_merges: 0.
num_chunk_splits: 5.
num_chunks_enlarged: 1.
num_inconsistent_stats: 0.

CodeHeap 'non-profiled nmethods': size=120000Kb used=18Kb max_used=18Kb free=119981Kb
 bounds [0x000002510b180000, 0x000002510b3f0000, 0x00000251126b0000]
CodeHeap 'profiled nmethods': size=120000Kb used=167Kb max_used=167Kb free=119832Kb
 bounds [0x00000251036b0000, 0x0000025103920000, 0x000002510abe0000]
CodeHeap 'non-nmethods': size=5760Kb used=1071Kb max_used=1084Kb free=4689Kb
 bounds [0x000002510abe0000, 0x000002510ae50000, 0x000002510b180000]
 total_blobs=442 nmethods=104 adapters=251
 compilation: enabled
              stopped_count=0, restarted_count=0
 full_count=0

Compilation events (20 events):
Event: 0.186 Thread 0x00000251188d4020   87       4       java.util.concurrent.ConcurrentHashMap::spread (10 bytes)
Event: 0.186 Thread 0x00000251188d4020 nmethod 87 0x000002510b183790 code [0x000002510b183900, 0x000002510b183978]
Event: 0.192 Thread 0x00000251188dc930   88       1       java.lang.Enum::name (5 bytes)
Event: 0.192 Thread 0x00000251188dc930 nmethod 88 0x000002510b183a90 code [0x000002510b183c20, 0x000002510b183cf8]
Event: 0.192 Thread 0x00000251188dc930   89       3       java.lang.Enum::<init> (15 bytes)
Event: 0.192 Thread 0x00000251188dc930 nmethod 89 0x00000251036ce590 code [0x00000251036ce720, 0x00000251036ce8d8]
Event: 0.193 Thread 0x00000251188dc930   90       3       java.lang.CharacterDataLatin1::toUpperCaseEx (71 bytes)
Event: 0.193 Thread 0x00000251188dc930 nmethod 90 0x00000251036ce990 code [0x00000251036ceb40, 0x00000251036cee18]
Event: 0.193 Thread 0x00000251188dc930   91       3       jdk.internal.misc.Unsafe::putReferenceRelease (9 bytes)
Event: 0.193 Thread 0x00000251188dc930 nmethod 91 0x00000251036cef10 code [0x00000251036cf0a0, 0x00000251036cf1f8]
Event: 0.193 Thread 0x00000251188dc930   93       3       java.util.concurrent.ConcurrentHashMap::setTabAt (20 bytes)
Event: 0.194 Thread 0x00000251188dc930 nmethod 93 0x00000251036cf290 code [0x00000251036cf440, 0x00000251036cf648]
Event: 0.194 Thread 0x00000251188d4020   94       4       java.lang.String::hashCode (60 bytes)
Event: 0.194 Thread 0x00000251188dc930   95       1       sun.util.locale.BaseLocale::getLanguage (5 bytes)
Event: 0.194 Thread 0x00000251188dc930 nmethod 95 0x000002510b184190 code [0x000002510b184320, 0x000002510b1843f8]
Event: 0.194 Thread 0x00000251188dc930   96       3       java.util.concurrent.ConcurrentHashMap::put (8 bytes)
Event: 0.194 Thread 0x00000251188dc930 nmethod 96 0x00000251036cf710 code [0x00000251036cf8a0, 0x00000251036cf9e8]
Event: 0.195 Thread 0x00000251188dc930   98       1       sun.security.util.KnownOIDs::registerNames (2 bytes)
Event: 0.195 Thread 0x00000251188dc930 nmethod 98 0x000002510b184490 code [0x000002510b184620, 0x000002510b1846f8]
Event: 0.195 Thread 0x00000251188dc930   99       3       java.lang.StringLatin1::toUpperCase (186 bytes)

GC Heap History (0 events):
No events

Dll operation events (1 events):
Event: 0.010 Loaded shared library C:\Program Files\JetBrains\WebStorm 2023.1.2\jbr\bin\java.dll

Deoptimization events (0 events):
No events

Classes unloaded (0 events):
No events

Classes redefined (0 events):
No events

Internal exceptions (0 events):
No events

VM Operations (4 events):
Event: 0.165 Executing VM operation: HandshakeAllThreads
Event: 0.165 Executing VM operation: HandshakeAllThreads done
Event: 0.188 Executing VM operation: HandshakeAllThreads
Event: 0.188 Executing VM operation: HandshakeAllThreads done

Events (20 events):
Event: 0.191 loading class sun/security/util/KnownOIDs$1
Event: 0.191 loading class sun/security/util/KnownOIDs$1 done
Event: 0.191 loading class sun/security/util/KnownOIDs$2
Event: 0.191 loading class sun/security/util/KnownOIDs$2 done
Event: 0.191 loading class sun/security/util/KnownOIDs$3
Event: 0.191 loading class sun/security/util/KnownOIDs$3 done
Event: 0.192 loading class sun/security/util/KnownOIDs$4
Event: 0.192 loading class sun/security/util/KnownOIDs$4 done
Event: 0.192 loading class sun/security/util/KnownOIDs$5
Event: 0.192 loading class sun/security/util/KnownOIDs$5 done
Event: 0.192 loading class sun/security/util/KnownOIDs$6
Event: 0.192 loading class sun/security/util/KnownOIDs$6 done
Event: 0.192 loading class sun/security/util/KnownOIDs$7
Event: 0.192 loading class sun/security/util/KnownOIDs$7 done
Event: 0.192 loading class sun/security/util/KnownOIDs$8
Event: 0.192 loading class sun/security/util/KnownOIDs$8 done
Event: 0.192 loading class sun/security/util/KnownOIDs$9
Event: 0.192 loading class sun/security/util/KnownOIDs$9 done
Event: 0.192 loading class sun/security/util/KnownOIDs$10
Event: 0.192 loading class sun/security/util/KnownOIDs$10 done


Dynamic libraries:
0x00007ff7555c0000 - 0x00007ff7555ca000 	C:\Program Files\JetBrains\WebStorm 2023.1.2\jbr\bin\java.exe
0x00007ffb8a5f0000 - 0x00007ffb8a804000 	C:\WINDOWS\SYSTEM32\ntdll.dll
0x00007ffb88550000 - 0x00007ffb88614000 	C:\WINDOWS\System32\KERNEL32.DLL
0x00007ffb87db0000 - 0x00007ffb88154000 	C:\WINDOWS\System32\KERNELBASE.dll
0x00007ffb881d0000 - 0x00007ffb882e1000 	C:\WINDOWS\System32\ucrtbase.dll
0x00007ffb23f80000 - 0x00007ffb23f97000 	C:\Program Files\JetBrains\WebStorm 2023.1.2\jbr\bin\jli.dll
0x00007ffb78ad0000 - 0x00007ffb78aeb000 	C:\Program Files\JetBrains\WebStorm 2023.1.2\jbr\bin\VCRUNTIME140.dll
0x00007ffb88ea0000 - 0x00007ffb8904a000 	C:\WINDOWS\System32\USER32.dll
0x00007ffb87be0000 - 0x00007ffb87c06000 	C:\WINDOWS\System32\win32u.dll
0x00007ffb51550000 - 0x00007ffb517df000 	C:\WINDOWS\WinSxS\amd64_microsoft.windows.common-controls_6595b64144ccf1df_6.0.22621.2070_none_2713e6537381f706\COMCTL32.dll
0x00007ffb893b0000 - 0x00007ffb893d9000 	C:\WINDOWS\System32\GDI32.dll
0x00007ffb89a70000 - 0x00007ffb89b17000 	C:\WINDOWS\System32\msvcrt.dll
0x00007ffb87c90000 - 0x00007ffb87da9000 	C:\WINDOWS\System32\gdi32full.dll
0x00007ffb87b40000 - 0x00007ffb87bda000 	C:\WINDOWS\System32\msvcp_win.dll
0x00007ffb88da0000 - 0x00007ffb88dd1000 	C:\WINDOWS\System32\IMM32.DLL
0x00007ffb81310000 - 0x00007ffb8131c000 	C:\Program Files\JetBrains\WebStorm 2023.1.2\jbr\bin\vcruntime140_1.dll
0x00007ffb64060000 - 0x00007ffb640ed000 	C:\Program Files\JetBrains\WebStorm 2023.1.2\jbr\bin\msvcp140.dll
0x00007ffb0f210000 - 0x00007ffb0fe90000 	C:\Program Files\JetBrains\WebStorm 2023.1.2\jbr\bin\server\jvm.dll
0x00007ffb89460000 - 0x00007ffb89510000 	C:\WINDOWS\System32\ADVAPI32.dll
0x00007ffb89920000 - 0x00007ffb899c6000 	C:\WINDOWS\System32\sechost.dll
0x00007ffb88700000 - 0x00007ffb88817000 	C:\WINDOWS\System32\RPCRT4.dll
0x00007ffb811d0000 - 0x00007ffb811d9000 	C:\WINDOWS\SYSTEM32\WSOCK32.dll
0x00007ffb893e0000 - 0x00007ffb89451000 	C:\WINDOWS\System32\WS2_32.dll
0x00007ffb856b0000 - 0x00007ffb856e4000 	C:\WINDOWS\SYSTEM32\WINMM.dll
0x00007ffb7f080000 - 0x00007ffb7f08a000 	C:\WINDOWS\SYSTEM32\VERSION.dll
0x00007ffb869d0000 - 0x00007ffb869e8000 	C:\WINDOWS\SYSTEM32\kernel.appcore.dll
0x00007ffb687e0000 - 0x00007ffb687ea000 	C:\Program Files\JetBrains\WebStorm 2023.1.2\jbr\bin\jimage.dll
0x00007ffb850a0000 - 0x00007ffb852ce000 	C:\WINDOWS\SYSTEM32\DBGHELP.DLL
0x00007ffb89580000 - 0x00007ffb8990a000 	C:\WINDOWS\System32\combase.dll
0x00007ffb88620000 - 0x00007ffb886f7000 	C:\WINDOWS\System32\OLEAUT32.dll
0x00007ffb7f2d0000 - 0x00007ffb7f302000 	C:\WINDOWS\SYSTEM32\dbgcore.DLL
0x00007ffb87c10000 - 0x00007ffb87c8a000 	C:\WINDOWS\System32\bcryptPrimitives.dll
0x00007ffb23f50000 - 0x00007ffb23f75000 	C:\Program Files\JetBrains\WebStorm 2023.1.2\jbr\bin\java.dll
0x00007ffb23db0000 - 0x00007ffb23dc8000 	C:\Program Files\JetBrains\WebStorm 2023.1.2\jbr\bin\zip.dll
0x00007ffb89d90000 - 0x00007ffb8a5a6000 	C:\WINDOWS\System32\SHELL32.dll
0x00007ffb85950000 - 0x00007ffb8623a000 	C:\WINDOWS\SYSTEM32\windows.storage.dll
0x00007ffb85810000 - 0x00007ffb8594e000 	C:\WINDOWS\SYSTEM32\wintypes.dll
0x00007ffb89c90000 - 0x00007ffb89d83000 	C:\WINDOWS\System32\SHCORE.dll
0x00007ffb89050000 - 0x00007ffb890ae000 	C:\WINDOWS\System32\shlwapi.dll
0x00007ffb87900000 - 0x00007ffb87926000 	C:\WINDOWS\SYSTEM32\profapi.dll
0x00007ffb23d90000 - 0x00007ffb23da9000 	C:\Program Files\JetBrains\WebStorm 2023.1.2\jbr\bin\net.dll
0x00007ffb80230000 - 0x00007ffb80367000 	C:\WINDOWS\SYSTEM32\WINHTTP.dll
0x00007ffb86e50000 - 0x00007ffb86eb9000 	C:\WINDOWS\system32\mswsock.dll
0x00007ffb23d70000 - 0x00007ffb23d86000 	C:\Program Files\JetBrains\WebStorm 2023.1.2\jbr\bin\nio.dll

dbghelp: loaded successfully - version: 4.0.5 - missing functions: none
symbol engine: initialized successfully - sym options: 0x614 - pdb path: .;C:\Program Files\JetBrains\WebStorm 2023.1.2\jbr\bin;C:\WINDOWS\SYSTEM32;C:\WINDOWS\WinSxS\amd64_microsoft.windows.common-controls_6595b64144ccf1df_6.0.22621.2070_none_2713e6537381f706;C:\Program Files\JetBrains\WebStorm 2023.1.2\jbr\bin\server

VM Arguments:
java_command: git4idea.http.GitAskPassApp Username for 'https://github.com': 
java_class_path (initial): C:/Program Files/JetBrains/WebStorm 2023.1.2/plugins/vcs-git/lib/git4idea-rt.jar;C:/Program Files/JetBrains/WebStorm 2023.1.2/lib/externalProcess-rt.jar
Launcher Type: SUN_STANDARD

[Global flags]
     intx CICompilerCount                          = 3                                         {product} {ergonomic}
     uint ConcGCThreads                            = 1                                         {product} {ergonomic}
     uint G1ConcRefinementThreads                  = 4                                         {product} {ergonomic}
   size_t G1HeapRegionSize                         = 1048576                                   {product} {ergonomic}
    uintx GCDrainStackTargetSize                   = 64                                        {product} {ergonomic}
   size_t InitialHeapSize                          = 132120576                                 {product} {ergonomic}
   size_t MarkStackSize                            = 4194304                                   {product} {ergonomic}
   size_t MaxHeapSize                              = 2105540608                                {product} {ergonomic}
   size_t MaxNewSize                               = 1262485504                                {product} {ergonomic}
   size_t MinHeapDeltaBytes                        = 1048576                                   {product} {ergonomic}
   size_t MinHeapSize                              = 8388608                                   {product} {ergonomic}
    uintx NonNMethodCodeHeapSize                   = 5832780                                {pd product} {ergonomic}
    uintx NonProfiledCodeHeapSize                  = 122912730                              {pd product} {ergonomic}
    uintx ProfiledCodeHeapSize                     = 122912730                              {pd product} {ergonomic}
    uintx ReservedCodeCacheSize                    = 251658240                              {pd product} {ergonomic}
     bool SegmentedCodeCache                       = true                                      {product} {ergonomic}
   size_t SoftMaxHeapSize                          = 2105540608                             {manageable} {ergonomic}
     bool UseCompressedClassPointers               = true                           {product lp64_product} {ergonomic}
     bool UseCompressedOops                        = true                           {product lp64_product} {ergonomic}
     bool UseG1GC                                  = true                                      {product} {ergonomic}
     bool UseLargePagesIndividualAllocation        = false                                  {pd product} {ergonomic}

Logging:
Log output configuration:
 #0: stdout all=warning uptime,level,tags
 #1: stderr all=off uptime,level,tags

Environment Variables:
PATH=C:\Program Files\Git\mingw64\libexec\git-core;C:\Program Files\Git\mingw64\libexec\git-core;C:\Program Files\Git\mingw64\bin;C:\Program Files\Git\usr\bin;C:\Users\slava\bin;C:\PHP_8.1;C:\WINDOWS\system32;C:\WINDOWS;C:\WINDOWS\System32\Wbem;C:\WINDOWS\System32\WindowsPowerShell\v1.0;C:\WINDOWS\System32\OpenSSH;C:\Program Files\Git\cmd;C:\ProgramData\ComposerSetup\bin;C:\composer;C:\Program Files\Microsoft SQL Server\150\Tools\Binn;C:\Program Files\dotnet;C:\Users\slava\AppData\Roaming\nvm;C:\Program Files\nodejs;C:\Program Files\nodejs;C:\PHP_8.1;C:\Users\slava\AppData\Roaming\Composer\vendor\bin;C:\Users\slava\AppData\Local\Microsoft\WindowsApps;C:\Users\slava\AppData\Local\Programs\Microsoft VS Code\bin;C:\Program Files\JetBrains\PhpStorm 2021.3.3\bin;C:\Users\slava\.dotnet\tools;C:\Users\slava\AppData\Roaming\nvm;C:\Program Files\nodejs;C:\Users\slava\AppData\Roaming\npm;C:\Program Files\JetBrains\WebStorm 2023.1.2\bin
USERNAME=slava
DISPLAY=:0.0
LC_ALL=en_US.UTF-8
TERM=cygwin
TMPDIR=C:\Users\slava\AppData\Local\Temp
OS=Windows_NT
PROCESSOR_IDENTIFIER=Intel64 Family 6 Model 142 Stepping 12, GenuineIntel
TMP=C:\Users\slava\AppData\Local\Temp
TEMP=C:\Users\slava\AppData\Local\Temp


JNI global refs:
JNI global refs: 8, weak refs: 0

JNI global refs memory usage: 843, weak refs: 209

OOME stack traces (most recent first):
Classloader memory used:
Loader bootstrap                                                                       : 675K
Loader jdk.internal.loader.ClassLoaders$AppClassLoader                                 : 1758B


---------------  S Y S T E M  ---------------

OS:
 Windows 11 , 64 bit Build 22621 (10.0.22621.2070)
OS uptime: 4 days 23:23 hours
Hyper-V role detected

CPU: total 4 (initial active 4) (2 cores per cpu, 2 threads per core) family 6 model 142 stepping 12 microcode 0xde, cx8, cmov, fxsr, ht, mmx, 3dnowpref, sse, sse2, sse3, ssse3, sse4.1, sse4.2, popcnt, lzcnt, tsc, tscinvbit, avx, avx2, aes, erms, clmul, bmi1, bmi2, adx, fma, vzeroupper, clflush, clflushopt, hv

Memory: 4k page, system-wide physical 8025M (438M free)
TotalPageFile size 21191M (AvailPageFile size 1M)
current process WorkingSet (physical memory assigned to process): 33M, peak: 33M
current process commit charge ("private bytes"): 195M, peak: 196M

vm_info: OpenJDK 64-Bit Server VM (17.0.7+7-b1000.6) for windows-amd64 JRE (17.0.7+7-b1000.6), built on 2023-07-07 by "builduser" with MS VC++ 16.10 / 16.11 (VS2019)

END.
